<?xml version="1.0" encoding="UTF-8"?>
<!-- Generated by org.testng.reporters.JUnitXMLReporter -->
<testsuite ignored="1" hostname="DESKTOP-G4U7DGA" failures="0" tests="5" name="t1" time="16.178" errors="0" timestamp="2026-06-15T11:20:47 IST">
  <testcase classname="testcase.TS1" name="TC_01" time="4.211"/>
  <testcase classname="testcase.TS1" name="TC_01" time="2.025"/>
  <testcase classname="testcase.TS1" name="TC_01" time="1.692"/>
  <testcase classname="testcase.TS1" name="TC_01" time="1.644"/>
  <testcase classname="testcase.TS1" name="tc_3" time="0.007"/>
  <testcase classname="testcase.TS1" name="Tc_02" time="0.0">
    <ignored/>
  </testcase> <!-- Tc_02 -->
</testsuite> <!-- t1 -->
