<?xml version="1.0" encoding="UTF-8"?>
<!-- Generated by org.testng.reporters.JUnitXMLReporter -->
<testsuite ignored="1" hostname="DESKTOP-G4U7DGA" failures="0" tests="5" name="t2" time="20.111" errors="0" timestamp="2026-06-15T11:20:51 IST">
  <testcase classname="testcase.TS1" name="TC_01" time="4.465"/>
  <testcase classname="testcase.TS1" name="TC_01" time="3.037"/>
  <testcase classname="testcase.TS1" name="TC_01" time="2.639"/>
  <testcase classname="testcase.TS1" name="TC_01" time="3.156"/>
  <testcase classname="testcase.TS1" name="tc_3" time="0.002"/>
  <testcase classname="testcase.TS1" name="Tc_02" time="0.0">
    <ignored/>
  </testcase> <!-- Tc_02 -->
</testsuite> <!-- t2 -->
