<?xml version="1.0" encoding="UTF-8"?>
<!-- Generated by org.testng.reporters.JUnitReportReporter -->
<testsuite hostname="DESKTOP-G4U7DGA" failures="0" tests="12" name="testcase.TS1" time="22.878" errors="0" timestamp="2026-06-15T11:20:51 IST" skipped="2">
  <testcase classname="testcase.TS1" name="TC_01" time="2.025"/>
  <testcase classname="testcase.TS1" name="TC_01" time="4.465"/>
  <testcase classname="testcase.TS1" name="TC_01" time="3.156"/>
  <testcase classname="testcase.TS1" name="TC_01" time="1.644"/>
  <testcase classname="testcase.TS1" name="TC_01" time="4.211"/>
  <testcase classname="testcase.TS1" name="TC_01" time="1.692"/>
  <testcase classname="testcase.TS1" name="TC_01" time="3.037"/>
  <testcase classname="testcase.TS1" name="tc_3" time="0.002"/>
  <testcase classname="testcase.TS1" name="tc_3" time="0.007"/>
  <testcase classname="testcase.TS1" name="TC_01" time="2.639"/>
  <testcase classname="testcase.TS1" name="Tc_02">
    <skipped/>
  </testcase> <!-- Tc_02 -->
  <testcase classname="testcase.TS1" name="Tc_02">
    <skipped/>
  </testcase> <!-- Tc_02 -->
</testsuite> <!-- testcase.TS1 -->
