<?xml version="1.0" encoding="UTF-8"?>
<!-- Generated by org.testng.reporters.JUnitXMLReporter -->
<testsuite ignored="1" hostname="DESKTOP-G4U7DGA" failures="0" tests="5" name="Default test" time="10.769" errors="0" timestamp="2026-06-12T15:01:40 IST">
  <testcase classname="testcase.TS1" name="TC_01" time="3.178"/>
  <testcase classname="testcase.TS1" name="TC_01" time="1.446"/>
  <testcase classname="testcase.TS1" name="TC_01" time="1.309"/>
  <testcase classname="testcase.TS1" name="TC_01" time="1.497"/>
  <testcase classname="testcase.TS1" name="tc_3" time="0.001"/>
  <testcase classname="testcase.TS1" name="Tc_02" time="0.0">
    <ignored/>
  </testcase> <!-- Tc_02 -->
</testsuite> <!-- Default test -->
